TN:
SF:src/App.tsx
FN:25,ProtectedRoute
FN:32,PublicOnlyRoute
FN:73,AppRouter
FN:77,App
FNF:4
FNH:0
FNDA:0,ProtectedRoute
FNDA:0,PublicOnlyRoute
FNDA:0,AppRouter
FNDA:0,App
DA:26,0
DA:27,0
DA:28,0
DA:29,0
DA:33,0
DA:34,0
DA:35,0
DA:36,0
DA:41,0
DA:74,0
DA:78,0
LF:11
LH:0
BRDA:27,0,0,0
BRDA:27,0,1,0
BRDA:28,1,0,0
BRDA:28,1,1,0
BRDA:34,2,0,0
BRDA:34,2,1,0
BRDA:35,3,0,0
BRDA:35,3,1,0
BRF:8
BRH:0
end_of_record
TN:
SF:src/main.tsx
FNF:0
FNH:0
DA:6,0
LF:1
LH:0
BRF:0
BRH:0
end_of_record
TN:
SF:src/api/apiKeysApi.ts
FN:12,createKey
FN:19,listKeys
FN:24,deleteKey
FNF:3
FNH:0
FNDA:0,createKey
FNDA:0,listKeys
FNDA:0,deleteKey
DA:15,0
DA:16,0
DA:20,0
DA:21,0
DA:27,0
DA:28,0
LF:6
LH:0
BRF:0
BRH:0
end_of_record
TN:
SF:src/api/authApi.ts
FN:20,register
FN:25,login
FN:30,googleAuth
FN:37,refresh
FN:42,getMe
FN:47,logout
FNF:6
FNH:0
FNDA:0,register
FNDA:0,login
FNDA:0,googleAuth
FNDA:0,refresh
FNDA:0,getMe
FNDA:0,logout
DA:21,0
DA:22,0
DA:26,0
DA:27,0
DA:33,0
DA:34,0
DA:38,0
DA:39,0
DA:43,0
DA:44,0
DA:48,0
LF:11
LH:0
BRF:0
BRH:0
end_of_record
TN:
SF:src/api/client.ts
FN:8,setAccessToken
FN:12,getAccessToken
FN:16,setUser
FN:20,clearAuth
FN:29,setOnUserUpdate
FN:38,(anonymous_5)
FN:46,(anonymous_6)
FN:48,(anonymous_7)
FNF:8
FNH:0
FNDA:0,setAccessToken
FNDA:0,getAccessToken
FNDA:0,setUser
FNDA:0,clearAuth
FNDA:0,setOnUserUpdate
FNDA:0,(anonymous_5)
FNDA:0,(anonymous_6)
FNDA:0,(anonymous_7)
DA:5,0
DA:6,0
DA:9,0
DA:13,0
DA:17,0
DA:21,0
DA:22,0
DA:30,0
DA:33,0
DA:38,0
DA:39,0
DA:40,0
DA:41,0
DA:43,0
DA:46,0
DA:47,0
DA:49,0
DA:50,0
DA:53,0
DA:54,0
DA:55,0
DA:56,0
DA:57,0
DA:58,0
DA:59,0
DA:60,0
DA:61,0
DA:63,0
DA:64,0
DA:67,0
LF:30
LH:0
BRDA:40,0,0,0
BRDA:40,0,1,0
BRDA:49,1,0,0
BRDA:49,1,1,0
BRDA:49,2,0,0
BRDA:49,2,1,0
BRDA:54,3,0,0
BRDA:54,3,1,0
BRDA:54,4,0,0
BRDA:54,4,1,0
BRF:10
BRH:0
end_of_record
TN:
SF:src/api/jiraApi.ts
FN:28,getAuthUrl
FN:33,getStatus
FN:38,getProjects
FN:43,getIssueTypes
FN:52,createTicket
FN:59,getRecentTickets
FN:69,disconnect
FNF:7
FNH:0
FNDA:0,getAuthUrl
FNDA:0,getStatus
FNDA:0,getProjects
FNDA:0,getIssueTypes
FNDA:0,createTicket
FNDA:0,getRecentTickets
FNDA:0,disconnect
DA:29,0
DA:30,0
DA:34,0
DA:35,0
DA:39,0
DA:40,0
DA:46,0
DA:49,0
DA:55,0
DA:56,0
DA:63,0
DA:66,0
DA:70,0
DA:71,0
LF:14
LH:0
BRDA:61,0,0,0
BRF:1
BRH:0
end_of_record
TN:
SF:src/components/ErrorBoundary.tsx
FN:17,(anonymous_0)
FN:22,(anonymous_1)
FN:26,(anonymous_2)
FN:30,(anonymous_3)
FN:34,(anonymous_4)
FNF:5
FNH:0
FNDA:0,(anonymous_0)
FNDA:0,(anonymous_1)
FNDA:0,(anonymous_2)
FNDA:0,(anonymous_3)
FNDA:0,(anonymous_4)
DA:18,0
DA:19,0
DA:23,0
DA:27,0
DA:30,0
DA:31,0
DA:35,0
DA:36,0
DA:37,0
DA:40,0
DA:56,0
LF:11
LH:0
BRDA:35,0,0,0
BRDA:35,0,1,0
BRDA:36,1,0,0
BRDA:36,1,1,0
BRF:4
BRH:0
end_of_record
TN:
SF:src/components/FullPageSpinner.tsx
FN:3,FullPageSpinner
FNF:1
FNH:0
FNDA:0,FullPageSpinner
DA:4,0
LF:1
LH:0
BRF:0
BRH:0
end_of_record
TN:
SF:src/features/api-keys/components/ApiKeyRow.tsx
FN:20,formatRelativeTime
FN:40,ApiKeyRow
FN:44,handleDelete
FN:46,(anonymous_3)
FN:66,(anonymous_4)
FN:87,(anonymous_5)
FNF:6
FNH:0
FNDA:0,formatRelativeTime
FNDA:0,ApiKeyRow
FNDA:0,handleDelete
FNDA:0,(anonymous_3)
FNDA:0,(anonymous_4)
FNDA:0,(anonymous_5)
DA:21,0
DA:23,0
DA:24,0
DA:25,0
DA:26,0
DA:28,0
DA:29,0
DA:31,0
DA:32,0
DA:34,0
DA:35,0
DA:37,0
DA:41,0
DA:42,0
DA:45,0
DA:46,0
DA:50,0
DA:66,0
DA:87,0
LF:19
LH:0
BRDA:21,0,0,0
BRDA:21,0,1,0
BRDA:28,1,0,0
BRDA:28,1,1,0
BRDA:29,2,0,0
BRDA:29,2,1,0
BRDA:32,3,0,0
BRDA:32,3,1,0
BRDA:35,4,0,0
BRDA:35,4,1,0
BRDA:97,5,0,0
BRDA:97,5,1,0
BRF:12
BRH:0
end_of_record
TN:
SF:src/features/api-keys/components/ApiKeyTable.tsx
FN:18,ApiKeyTable
FN:22,(anonymous_1)
FN:61,(anonymous_2)
FNF:3
FNH:0
FNDA:0,ApiKeyTable
FNDA:0,(anonymous_1)
FNDA:0,(anonymous_2)
DA:19,0
DA:20,0
DA:23,0
DA:29,0
DA:30,0
DA:47,0
DA:62,0
LF:7
LH:0
BRDA:19,0,0,0
BRDA:19,0,1,0
BRDA:29,1,0,0
BRDA:29,1,1,0
BRF:4
BRH:0
end_of_record
TN:
SF:src/features/api-keys/components/CreateKeyDialog.tsx
FN:32,CreateKeyDialog
FN:47,handleOpenChange
FN:55,onSubmit
FN:57,(anonymous_3)
FN:63,handleDone
FN:122,(anonymous_5)
FNF:6
FNH:0
FNDA:0,CreateKeyDialog
FNDA:0,handleOpenChange
FNDA:0,onSubmit
FNDA:0,(anonymous_3)
FNDA:0,handleDone
FNDA:0,(anonymous_5)
DA:23,0
DA:33,0
DA:34,0
DA:35,0
DA:41,0
DA:48,0
DA:49,0
DA:50,0
DA:52,0
DA:56,0
DA:58,0
DA:64,0
DA:67,0
DA:122,0
LF:14
LH:0
BRDA:48,0,0,0
BRDA:48,0,1,0
BRDA:76,1,0,0
BRDA:76,1,1,0
BRDA:104,2,0,0
BRDA:104,2,1,0
BRDA:111,3,0,0
BRDA:111,3,1,0
BRDA:127,4,0,0
BRDA:127,4,1,0
BRF:10
BRH:0
end_of_record
TN:
SF:src/features/api-keys/components/KeyRevealCard.tsx
FN:10,KeyRevealCard
FN:35,(anonymous_1)
FNF:2
FNH:0
FNDA:0,KeyRevealCard
FNDA:0,(anonymous_1)
DA:11,0
DA:13,0
DA:35,0
LF:3
LH:0
BRDA:39,0,0,0
BRDA:39,0,1,0
BRDA:48,1,0,0
BRDA:48,1,1,0
BRF:4
BRH:0
end_of_record
TN:
SF:src/features/api-keys/hooks/useApiKeys.ts
FN:5,useApiKeys
FN:9,(anonymous_1)
FNF:2
FNH:0
FNDA:0,useApiKeys
FNDA:0,(anonymous_1)
DA:6,0
DA:9,0
LF:2
LH:0
BRF:0
BRH:0
end_of_record
TN:
SF:src/features/api-keys/hooks/useCreateApiKey.ts
FN:7,useCreateApiKey
FN:11,(anonymous_1)
FN:12,(anonymous_2)
FN:15,(anonymous_3)
FN:18,(anonymous_4)
FNF:5
FNH:0
FNDA:0,useCreateApiKey
FNDA:0,(anonymous_1)
FNDA:0,(anonymous_2)
FNDA:0,(anonymous_3)
FNDA:0,(anonymous_4)
DA:8,0
DA:10,0
DA:11,0
DA:13,0
DA:16,0
DA:19,0
LF:6
LH:0
BRF:0
BRH:0
end_of_record
TN:
SF:src/features/api-keys/hooks/useDeleteApiKey.ts
FN:8,useDeleteApiKey
FN:12,(anonymous_1)
FN:13,(anonymous_2)
FN:21,(anonymous_3)
FN:24,(anonymous_4)
FN:30,(anonymous_5)
FN:33,(anonymous_6)
FN:39,(anonymous_7)
FNF:8
FNH:0
FNDA:0,useDeleteApiKey
FNDA:0,(anonymous_1)
FNDA:0,(anonymous_2)
FNDA:0,(anonymous_3)
FNDA:0,(anonymous_4)
FNDA:0,(anonymous_5)
FNDA:0,(anonymous_6)
FNDA:0,(anonymous_7)
DA:9,0
DA:11,0
DA:12,0
DA:14,0
DA:16,0
DA:20,0
DA:23,0
DA:24,0
DA:28,0
DA:31,0
DA:34,0
DA:35,0
DA:37,0
DA:40,0
LF:14
LH:0
BRDA:23,0,0,0
BRDA:23,0,1,0
BRDA:34,1,0,0
BRDA:34,1,1,0
BRF:4
BRH:0
end_of_record
TN:
SF:src/features/auth/components/GoogleSignInButton.tsx
FN:4,GoogleSignInButton
FNF:1
FNH:0
FNDA:0,GoogleSignInButton
DA:5,0
DA:7,0
LF:2
LH:0
BRF:0
BRH:0
end_of_record
TN:
SF:src/features/auth/components/LoginForm.tsx
FN:19,LoginForm
FN:32,onSubmit
FN:34,(anonymous_2)
FNF:3
FNH:0
FNDA:0,LoginForm
FNDA:0,onSubmit
FNDA:0,(anonymous_2)
DA:12,0
DA:24,0
DA:30,0
DA:33,0
DA:35,0
DA:36,0
DA:37,0
DA:39,0
DA:45,0
LF:9
LH:0
BRDA:36,0,0,0
BRDA:36,0,1,0
BRDA:57,1,0,0
BRDA:57,1,1,0
BRDA:72,2,0,0
BRDA:72,2,1,0
BRDA:77,3,0,0
BRDA:77,3,1,0
BRDA:89,4,0,0
BRDA:89,4,1,0
BRF:10
BRH:0
end_of_record
TN:
SF:src/features/auth/components/RegisterForm.tsx
FN:20,RegisterForm
FN:33,onSubmit
FN:35,(anonymous_2)
FNF:3
FNH:0
FNDA:0,RegisterForm
FNDA:0,onSubmit
FNDA:0,(anonymous_2)
DA:12,0
DA:25,0
DA:31,0
DA:34,0
DA:36,0
DA:37,0
DA:38,0
DA:42,0
DA:48,0
LF:9
LH:0
BRDA:37,0,0,0
BRDA:37,0,1,0
BRDA:60,1,0,0
BRDA:60,1,1,0
BRDA:77,2,0,0
BRDA:77,2,1,0
BRDA:92,3,0,0
BRDA:92,3,1,0
BRDA:97,4,0,0
BRDA:97,4,1,0
BRDA:109,5,0,0
BRDA:109,5,1,0
BRF:12
BRH:0
end_of_record
TN:
SF:src/features/auth/hooks/useGoogleAuth.ts
FN:3,getRedirectUri
FN:7,useGoogleAuth
FN:10,redirectToGoogle
FNF:3
FNH:0
FNDA:0,getRedirectUri
FNDA:0,useGoogleAuth
FNDA:0,redirectToGoogle
DA:1,0
DA:4,0
DA:8,0
DA:11,0
DA:20,0
DA:23,0
LF:6
LH:0
BRF:0
BRH:0
end_of_record
TN:
SF:src/features/auth/hooks/useLogin.ts
FN:6,useLogin
FN:11,(anonymous_1)
FN:12,(anonymous_2)
FNF:3
FNH:0
FNDA:0,useLogin
FNDA:0,(anonymous_1)
FNDA:0,(anonymous_2)
DA:7,0
DA:8,0
DA:10,0
DA:11,0
DA:13,0
DA:14,0
LF:6
LH:0
BRF:0
BRH:0
end_of_record
TN:
SF:src/features/auth/hooks/useRegister.ts
FN:6,useRegister
FN:11,(anonymous_1)
FN:12,(anonymous_2)
FNF:3
FNH:0
FNDA:0,useRegister
FNDA:0,(anonymous_1)
FNDA:0,(anonymous_2)
DA:7,0
DA:8,0
DA:10,0
DA:11,0
DA:13,0
DA:14,0
LF:6
LH:0
BRF:0
BRH:0
end_of_record
TN:
SF:src/features/jira/types.ts
FNF:0
FNH:0
LF:0
LH:0
BRF:0
BRH:0
end_of_record
TN:
SF:src/features/jira/components/ConnectJiraButton.tsx
FN:8,ConnectJiraButton
FN:11,handleConnect
FNF:2
FNH:0
FNDA:0,ConnectJiraButton
FNDA:0,handleConnect
DA:9,0
DA:12,0
DA:13,0
DA:14,0
DA:15,0
DA:17,0
DA:18,0
DA:22,0
LF:8
LH:0
BRDA:24,0,0,0
BRDA:24,0,1,0
BRF:2
BRH:0
end_of_record
TN:
SF:src/features/jira/components/CreateTicketForm.tsx
FN:39,CreateTicketForm
FN:53,(anonymous_1)
FN:62,(anonymous_2)
FN:95,(anonymous_3)
FNF:4
FNH:0
FNDA:0,CreateTicketForm
FNDA:0,(anonymous_1)
FNDA:0,(anonymous_2)
FNDA:0,(anonymous_3)
DA:20,0
DA:45,0
DA:51,0
DA:53,0
DA:55,0
DA:62,0
DA:68,0
DA:96,0
LF:8
LH:0
BRDA:59,0,0,0
BRDA:59,0,1,0
BRDA:60,1,0,0
BRDA:60,1,1,0
BRDA:83,2,0,0
BRDA:83,2,1,0
BRDA:117,3,0,0
BRDA:117,3,1,0
BRDA:124,4,0,0
BRDA:124,4,1,0
BRDA:136,5,0,0
BRDA:136,5,1,0
BRF:12
BRH:0
end_of_record
TN:
SF:src/features/jira/components/DisconnectJiraButton.tsx
FN:19,DisconnectJiraButton
FN:24,handleDisconnect
FN:56,(anonymous_2)
FNF:3
FNH:0
FNDA:0,DisconnectJiraButton
FNDA:0,handleDisconnect
FNDA:0,(anonymous_2)
DA:20,0
DA:21,0
DA:22,0
DA:25,0
DA:26,0
DA:27,0
DA:28,0
DA:29,0
DA:30,0
DA:31,0
DA:33,0
DA:35,0
DA:39,0
DA:56,0
LF:14
LH:0
BRDA:64,0,0,0
BRDA:64,0,1,0
BRF:2
BRH:0
end_of_record
TN:
SF:src/features/jira/components/IssueTypeSelect.tsx
FN:19,IssueTypeSelect
FN:27,(anonymous_1)
FN:29,(anonymous_2)
FN:42,(anonymous_3)
FN:50,(anonymous_4)
FN:55,(anonymous_5)
FNF:6
FNH:0
FNDA:0,IssueTypeSelect
FNDA:0,(anonymous_1)
FNDA:0,(anonymous_2)
FNDA:0,(anonymous_3)
FNDA:0,(anonymous_4)
FNDA:0,(anonymous_5)
DA:24,0
DA:25,0
DA:27,0
DA:28,0
DA:29,0
DA:30,0
DA:31,0
DA:35,0
DA:36,0
DA:42,0
DA:49,0
DA:50,0
DA:56,0
LF:13
LH:0
BRDA:25,0,0,0
BRDA:25,0,1,0
BRDA:28,1,0,0
BRDA:28,1,1,0
BRDA:30,2,0,0
BRDA:30,2,1,0
BRDA:30,3,0,0
BRDA:30,3,1,0
BRDA:35,4,0,0
BRDA:35,4,1,0
BRDA:50,5,0,0
BRDA:50,5,1,0
BRDA:52,6,0,0
BRDA:52,6,1,0
BRF:14
BRH:0
end_of_record
TN:
SF:src/features/jira/components/JiraStatusCard.tsx
FN:15,JiraStatusCard
FN:46,(anonymous_1)
FNF:2
FNH:0
FNDA:0,JiraStatusCard
FNDA:0,(anonymous_1)
DA:16,0
DA:18,0
DA:19,0
DA:38,0
DA:39,0
DA:46,0
DA:55,0
DA:57,0
LF:8
LH:0
BRDA:18,0,0,0
BRDA:18,0,1,0
BRDA:38,1,0,0
BRDA:38,1,1,0
BRDA:55,2,0,0
BRDA:55,2,1,0
BRDA:62,3,0,0
BRDA:62,3,1,0
BRDA:70,4,0,0
BRDA:70,4,1,0
BRDA:77,5,0,0
BRDA:77,5,1,0
BRDA:93,6,0,0
BRDA:93,6,1,0
BRF:14
BRH:0
end_of_record
TN:
SF:src/features/jira/components/ProjectCombobox.tsx
FN:25,ProjectCombobox
FN:37,(anonymous_1)
FN:44,(anonymous_2)
FN:80,(anonymous_3)
FN:85,(anonymous_4)
FNF:5
FNH:0
FNDA:0,ProjectCombobox
FNDA:0,(anonymous_1)
FNDA:0,(anonymous_2)
FNDA:0,(anonymous_3)
FNDA:0,(anonymous_4)
DA:26,0
DA:27,0
DA:28,0
DA:30,0
DA:31,0
DA:37,0
DA:44,0
DA:46,0
DA:81,0
DA:86,0
DA:87,0
LF:11
LH:0
BRDA:28,0,0,0
BRDA:28,0,1,0
BRDA:30,1,0,0
BRDA:30,1,1,0
BRDA:56,2,0,0
BRDA:56,2,1,0
BRDA:58,3,0,0
BRDA:58,3,1,0
BRDA:69,4,0,0
BRDA:69,4,1,0
BRDA:90,5,0,0
BRDA:90,5,1,0
BRF:12
BRH:0
end_of_record
TN:
SF:src/features/jira/components/RecentTicketsList.tsx
FN:11,RecentTicketsList
FN:21,(anonymous_1)
FN:42,(anonymous_2)
FN:75,(anonymous_3)
FNF:4
FNH:0
FNDA:0,RecentTicketsList
FNDA:0,(anonymous_1)
FNDA:0,(anonymous_2)
FNDA:0,(anonymous_3)
DA:12,0
DA:13,0
DA:15,0
DA:17,0
DA:18,0
DA:22,0
DA:33,0
DA:34,0
DA:42,0
DA:51,0
DA:76,0
LF:11
LH:0
BRDA:13,0,0,0
BRDA:13,0,1,0
BRDA:15,1,0,0
BRDA:15,1,1,0
BRDA:17,2,0,0
BRDA:17,2,1,0
BRDA:33,3,0,0
BRDA:33,3,1,0
BRDA:55,4,0,0
BRDA:55,4,1,0
BRDA:57,5,0,0
BRDA:57,5,1,0
BRDA:61,6,0,0
BRDA:61,6,1,0
BRF:14
BRH:0
end_of_record
TN:
SF:src/features/jira/components/TicketCard.tsx
FN:9,formatRelativeTime
FN:24,TicketCard
FNF:2
FNH:0
FNDA:0,formatRelativeTime
FNDA:0,TicketCard
DA:10,0
DA:11,0
DA:12,0
DA:13,0
DA:15,0
DA:16,0
DA:17,0
DA:18,0
DA:19,0
DA:20,0
DA:21,0
DA:25,0
LF:12
LH:0
BRDA:15,0,0,0
BRDA:15,0,1,0
BRDA:16,1,0,0
BRDA:16,1,1,0
BRDA:18,2,0,0
BRDA:18,2,1,0
BRDA:20,3,0,0
BRDA:20,3,1,0
BRDA:41,4,0,0
BRDA:41,4,1,0
BRDA:43,5,0,0
BRDA:43,5,1,0
BRF:12
BRH:0
end_of_record
TN:
SF:src/features/jira/hooks/useCreateTicket.ts
FN:7,useCreateTicket
FN:11,(anonymous_1)
FN:12,(anonymous_2)
FN:14,(anonymous_3)
FN:21,(anonymous_4)
FNF:5
FNH:0
FNDA:0,useCreateTicket
FNDA:0,(anonymous_1)
FNDA:0,(anonymous_2)
FNDA:0,(anonymous_3)
FNDA:0,(anonymous_4)
DA:8,0
DA:10,0
DA:11,0
DA:13,0
DA:15,0
DA:19,0
DA:22,0
DA:23,0
DA:24,0
DA:26,0
LF:10
LH:0
BRDA:16,0,0,0
BRDA:16,0,1,0
BRDA:23,1,0,0
BRDA:23,1,1,0
BRF:4
BRH:0
end_of_record
TN:
SF:src/features/jira/hooks/useIssueTypes.ts
FN:5,useIssueTypes
FN:8,(anonymous_1)
FNF:2
FNH:0
FNDA:0,useIssueTypes
FNDA:0,(anonymous_1)
DA:6,0
DA:8,0
LF:2
LH:0
BRDA:7,0,0,0
BRDA:7,0,1,0
BRF:2
BRH:0
end_of_record
TN:
SF:src/features/jira/hooks/useJiraStatus.ts
FN:5,useJiraStatus
FNF:1
FNH:0
FNDA:0,useJiraStatus
DA:6,0
LF:1
LH:0
BRF:0
BRH:0
end_of_record
TN:
SF:src/features/jira/hooks/useProjects.ts
FN:6,useProjects
FNF:1
FNH:0
FNDA:0,useProjects
DA:7,0
DA:9,0
LF:2
LH:0
BRF:0
BRH:0
end_of_record
TN:
SF:src/features/jira/hooks/useRecentTickets.ts
FN:5,useRecentTickets
FN:8,(anonymous_1)
FNF:2
FNH:0
FNDA:0,useRecentTickets
FNDA:0,(anonymous_1)
DA:6,0
DA:8,0
LF:2
LH:0
BRDA:7,0,0,0
BRDA:7,0,1,0
BRF:2
BRH:0
end_of_record
TN:
SF:src/hooks/useClipboard.ts
FN:4,useClipboard
FN:9,(anonymous_1)
FN:16,(anonymous_2)
FNF:3
FNH:0
FNDA:0,useClipboard
FNDA:0,(anonymous_1)
FNDA:0,(anonymous_2)
DA:5,0
DA:6,0
DA:8,0
DA:10,0
DA:11,0
DA:12,0
DA:13,0
DA:15,0
DA:16,0
DA:18,0
DA:24,0
LF:11
LH:0
BRDA:4,0,0,0
BRF:1
BRH:0
end_of_record
TN:
SF:src/layouts/AppShell.tsx
FN:66,getInitials
FN:69,(anonymous_1)
FN:75,useIsMobile
FN:76,(anonymous_3)
FN:80,(anonymous_4)
FN:82,(anonymous_5)
FN:84,(anonymous_6)
FN:90,AppShell
FN:97,(anonymous_8)
FN:101,(anonymous_9)
FN:105,(anonymous_10)
FN:134,(anonymous_11)
FN:191,(anonymous_12)
FN:191,(anonymous_13)
FN:243,(anonymous_14)
FN:294,JiraStatusBadge
FNF:16
FNH:0
FNDA:0,getInitials
FNDA:0,(anonymous_1)
FNDA:0,useIsMobile
FNDA:0,(anonymous_3)
FNDA:0,(anonymous_4)
FNDA:0,(anonymous_5)
FNDA:0,(anonymous_6)
FNDA:0,AppShell
FNDA:0,(anonymous_8)
FNDA:0,(anonymous_9)
FNDA:0,(anonymous_10)
FNDA:0,(anonymous_11)
FNDA:0,(anonymous_12)
FNDA:0,(anonymous_13)
FNDA:0,(anonymous_14)
FNDA:0,JiraStatusBadge
DA:46,0
DA:67,0
DA:69,0
DA:76,0
DA:77,0
DA:80,0
DA:81,0
DA:82,0
DA:83,0
DA:84,0
DA:87,0
DA:91,0
DA:92,0
DA:93,0
DA:94,0
DA:95,0
DA:97,0
DA:98,0
DA:101,0
DA:102,0
DA:105,0
DA:110,0
DA:136,0
DA:137,0
DA:139,0
DA:191,0
DA:205,0
DA:243,0
DA:295,0
DA:296,0
DA:298,0
LF:31
LH:0
BRDA:75,0,0,0
BRDA:77,1,0,0
BRDA:77,1,1,0
BRDA:102,2,0,0
BRDA:102,2,1,0
BRDA:116,3,0,0
BRDA:116,3,1,0
BRDA:116,3,2,0
BRDA:119,4,0,0
BRDA:119,4,1,0
BRDA:136,5,0,0
BRDA:136,5,1,0
BRDA:137,6,0,0
BRDA:137,6,1,0
BRDA:141,7,0,0
BRDA:141,7,1,0
BRDA:141,7,2,0
BRDA:141,7,3,0
BRDA:146,8,0,0
BRDA:146,8,1,0
BRDA:146,8,2,0
BRDA:146,8,3,0
BRDA:156,9,0,0
BRDA:156,9,1,0
BRDA:158,10,0,0
BRDA:158,10,1,0
BRDA:158,10,2,0
BRDA:163,11,0,0
BRDA:163,11,1,0
BRDA:163,11,2,0
BRDA:166,12,0,0
BRDA:166,12,1,0
BRDA:166,12,2,0
BRDA:178,13,0,0
BRDA:178,13,1,0
BRDA:178,13,2,0
BRDA:185,14,0,0
BRDA:185,14,1,0
BRDA:192,15,0,0
BRDA:192,15,1,0
BRDA:194,16,0,0
BRDA:194,16,1,0
BRDA:209,17,0,0
BRDA:209,17,1,0
BRDA:209,17,2,0
BRDA:221,18,0,0
BRDA:221,18,1,0
BRDA:224,19,0,0
BRDA:224,19,1,0
BRDA:228,20,0,0
BRDA:228,20,1,0
BRDA:239,21,0,0
BRDA:239,21,1,0
BRDA:258,22,0,0
BRDA:258,22,1,0
BRDA:261,23,0,0
BRDA:261,23,1,0
BRDA:296,24,0,0
BRDA:296,24,1,0
BRDA:305,25,0,0
BRDA:305,25,1,0
BRDA:307,26,0,0
BRDA:307,26,1,0
BRDA:313,27,0,0
BRDA:313,27,1,0
BRDA:318,28,0,0
BRDA:318,28,1,0
BRF:67
BRH:0
end_of_record
TN:
SF:src/layouts/AuthLayout.tsx
FN:5,AuthLayout
FNF:1
FNH:0
FNDA:0,AuthLayout
DA:6,0
LF:1
LH:0
BRF:0
BRH:0
end_of_record
TN:
SF:src/lib/errors.ts
FN:3,getErrorMessage
FN:23,getErrorCode
FNF:2
FNH:0
FNDA:0,getErrorMessage
FNDA:0,getErrorCode
DA:4,0
DA:5,0
DA:6,0
DA:8,0
DA:9,0
DA:11,0
DA:12,0
DA:16,0
DA:17,0
DA:20,0
DA:24,0
DA:25,0
DA:27,0
LF:13
LH:0
BRDA:4,0,0,0
BRDA:4,0,1,0
BRDA:8,1,0,0
BRDA:8,1,1,0
BRDA:11,2,0,0
BRDA:11,2,1,0
BRDA:12,3,0,0
BRDA:12,3,1,0
BRDA:16,4,0,0
BRDA:16,4,1,0
BRDA:24,5,0,0
BRDA:24,5,1,0
BRDA:25,6,0,0
BRDA:25,6,1,0
BRF:14
BRH:0
end_of_record
TN:
SF:src/lib/queryKeys.ts
FN:8,(anonymous_0)
FN:10,(anonymous_1)
FNF:2
FNH:0
FNDA:0,(anonymous_0)
FNDA:0,(anonymous_1)
DA:1,0
DA:9,0
DA:11,0
LF:3
LH:0
BRF:0
BRH:0
end_of_record
TN:
SF:src/lib/utils.ts
FN:4,cn
FNF:1
FNH:0
FNDA:0,cn
DA:5,0
LF:1
LH:0
BRF:0
BRH:0
end_of_record
TN:
SF:src/pages/ApiKeysPage.tsx
FN:7,ApiKeysPage
FN:28,(anonymous_1)
FNF:2
FNH:0
FNDA:0,ApiKeysPage
FNDA:0,(anonymous_1)
DA:8,0
DA:10,0
DA:28,0
LF:3
LH:0
BRDA:22,0,0,0
BRDA:22,0,1,0
BRF:2
BRH:0
end_of_record
TN:
SF:src/pages/DashboardPage.tsx
FN:11,DashboardPage
FN:33,(anonymous_1)
FN:54,(anonymous_2)
FNF:3
FNH:0
FNDA:0,DashboardPage
FNDA:0,(anonymous_1)
FNDA:0,(anonymous_2)
DA:16,0
DA:18,0
DA:22,0
DA:23,0
DA:34,0
DA:41,0
DA:42,0
DA:54,0
DA:62,0
DA:63,0
DA:80,0
LF:11
LH:0
BRDA:22,0,0,0
BRDA:22,0,1,0
BRDA:41,1,0,0
BRDA:41,1,1,0
BRDA:62,2,0,0
BRDA:62,2,1,0
BRDA:92,3,0,0
BRDA:92,3,1,0
BRF:8
BRH:0
end_of_record
TN:
SF:src/pages/GoogleCallbackPage.tsx
FN:9,GoogleCallbackPage
FN:15,(anonymous_1)
FN:26,exchangeCode
FNF:3
FNH:0
FNDA:0,GoogleCallbackPage
FNDA:0,(anonymous_1)
FNDA:0,exchangeCode
DA:10,0
DA:11,0
DA:12,0
DA:13,0
DA:15,0
DA:16,0
DA:17,0
DA:19,0
DA:20,0
DA:21,0
DA:22,0
DA:23,0
DA:27,0
DA:28,0
DA:33,0
DA:35,0
DA:36,0
DA:37,0
DA:42,0
DA:44,0
DA:45,0
DA:46,0
DA:50,0
DA:52,0
DA:56,0
DA:59,0
LF:26
LH:0
BRDA:16,0,0,0
BRDA:16,0,1,0
BRDA:20,1,0,0
BRDA:20,1,1,0
BRDA:36,2,0,0
BRDA:36,2,1,0
BRDA:45,3,0,0
BRDA:45,3,1,0
BRF:8
BRH:0
end_of_record
TN:
SF:src/pages/JiraCallbackPage.tsx
FN:8,JiraCallbackPage
FN:14,(anonymous_1)
FNF:2
FNH:0
FNDA:0,JiraCallbackPage
FNDA:0,(anonymous_1)
DA:9,0
DA:10,0
DA:11,0
DA:12,0
DA:14,0
DA:15,0
DA:16,0
DA:18,0
DA:19,0
DA:21,0
DA:22,0
DA:23,0
DA:24,0
DA:26,0
DA:27,0
DA:31,0
LF:16
LH:0
BRDA:15,0,0,0
BRDA:15,0,1,0
BRDA:21,1,0,0
BRDA:21,1,1,0
BRDA:26,2,0,0
BRDA:26,2,1,0
BRF:6
BRH:0
end_of_record
TN:
SF:src/pages/JiraSettingsPage.tsx
FN:3,JiraSettingsPage
FNF:1
FNH:0
FNDA:0,JiraSettingsPage
DA:4,0
LF:1
LH:0
BRF:0
BRH:0
end_of_record
TN:
SF:src/pages/LoginPage.tsx
FN:5,LoginPage
FNF:1
FNH:0
FNDA:0,LoginPage
DA:6,0
LF:1
LH:0
BRF:0
BRH:0
end_of_record
TN:
SF:src/pages/RegisterPage.tsx
FN:5,RegisterPage
FNF:1
FNH:0
FNDA:0,RegisterPage
DA:6,0
LF:1
LH:0
BRF:0
BRH:0
end_of_record
TN:
SF:src/providers/AuthProvider.tsx
FN:27,AuthProvider
FN:32,(anonymous_1)
FN:34,(anonymous_2)
FN:34,(anonymous_3)
FN:37,(anonymous_4)
FN:40,attemptRefresh
FN:55,(anonymous_6)
FN:60,(anonymous_7)
FN:66,(anonymous_8)
FN:77,(anonymous_9)
FN:85,useAuth
FNF:11
FNH:0
FNDA:0,AuthProvider
FNDA:0,(anonymous_1)
FNDA:0,(anonymous_2)
FNDA:0,(anonymous_3)
FNDA:0,(anonymous_4)
FNDA:0,attemptRefresh
FNDA:0,(anonymous_6)
FNDA:0,(anonymous_7)
FNDA:0,(anonymous_8)
FNDA:0,(anonymous_9)
FNDA:0,useAuth
DA:25,0
DA:28,0
DA:29,0
DA:30,0
DA:32,0
DA:33,0
DA:34,0
DA:37,0
DA:38,0
DA:41,0
DA:42,0
DA:43,0
DA:44,0
DA:45,0
DA:46,0
DA:50,0
DA:54,0
DA:55,0
DA:56,0
DA:60,0
DA:61,0
DA:62,0
DA:63,0
DA:66,0
DA:67,0
DA:68,0
DA:70,0
DA:71,0
DA:72,0
DA:73,0
DA:77,0
DA:78,0
DA:82,0
DA:86,0
DA:87,0
DA:88,0
DA:90,0
LF:37
LH:0
BRDA:43,0,0,0
BRDA:43,0,1,0
BRDA:50,1,0,0
BRDA:50,1,1,0
BRDA:87,2,0,0
BRDA:87,2,1,0
BRF:6
BRH:0
end_of_record
TN:
SF:src/providers/QueryProvider.tsx
FN:4,QueryProvider
FN:5,(anonymous_1)
FNF:2
FNH:0
FNDA:0,QueryProvider
FNDA:0,(anonymous_1)
DA:5,0
DA:7,0
DA:18,0
LF:3
LH:0
BRF:0
BRH:0
end_of_record
TN:
SF:src/types/index.ts
FNF:0
FNH:0
LF:0
LH:0
BRF:0
BRH:0
end_of_record
